This is pdfTeX, Version 3.141592653-2.6-1.40.29 (MiKTeX 26.5) (preloaded format=pdflatex 2026.7.18)  19 JUL 2026 06:44
entering extended mode
 restricted \write18 enabled.
 %&-line parsing enabled.
**./main.tex
(main.tex
LaTeX2e <2026-06-01>
L3 programming layer <2026-06-18>
(C:\Users\Wang Keting\AppData\Local\Programs\MiKTeX\tex/latex/base\article.cls
Document Class: article 2025/01/22 v1.4n Standard LaTeX document class
(C:\Users\Wang Keting\AppData\Local\Programs\MiKTeX\tex/latex/base\size10.clo
File: size10.clo 2025/01/22 v1.4n Standard LaTeX file (size option)
)
\c@part=\count276
\c@section=\count277
\c@subsection=\count278
\c@subsubsection=\count279
\c@paragraph=\count280
\c@subparagraph=\count281
\c@figure=\count282
\c@table=\count283
\abovecaptionskip=\skip49
\belowcaptionskip=\skip50
\bibindent=\dimen150
) (aaai2027.sty
Package: aaai2027 2027/05/04 AAAI 2027 Submission format

Conference Style for AAAI for LaTeX 2e

(C:\Users\Wang Keting\AppData\Local\Programs\MiKTeX\tex/generic/iftex\iftex.sty
Package: iftex 2024/12/12 v1.0g TeX engine tests
)
(C:\Users\Wang Keting\AppData\Local\Programs\MiKTeX\tex/latex/base\fontenc.sty
Package: fontenc 2025/07/18 v2.1d Standard LaTeX package
)
(C:\Users\Wang Keting\AppData\Local\Programs\MiKTeX\tex/latex/newtx\newtxtext.s
ty
Package: newtxtext 2024/04/01 v1.744(Michael Sharpe) latex and unicode latex su
pport for TeXGyreTermesX

`newtxtext' v1.744, 2024/04/01 Text macros taking advantage of TeXGyre Termes a
nd its extensions (msharpe)
(C:\Users\Wang Keting\AppData\Local\Programs\MiKTeX\tex/latex/xpatch\xpatch.sty

(C:\Users\Wang Keting\AppData\Local\Programs\MiKTeX\tex/latex/l3kernel\expl3.st
y
Package: expl3 2026-06-18 L3 programming layer (loader) 

(C:\Users\Wang Keting\AppData\Local\Programs\MiKTeX\tex/latex/l3backend\l3backe
nd-pdftex.def
File: l3backend-pdftex.def 2026-02-18 L3 backend support: PDF output (pdfTeX)
\l__color_backend_stack_int=\count284
))
Package: xpatch 2020/03/25 v0.3a Extending etoolbox patching commands

(C:\Users\Wang Keting\AppData\Local\Programs\MiKTeX\tex/latex/l3packages/xparse
\xparse.sty
Package: xparse 2025-10-09 L3 Experimental document command parser
)
(C:\Users\Wang Keting\AppData\Local\Programs\MiKTeX\tex/latex/etoolbox\etoolbox
.sty
Package: etoolbox 2025/10/02 v2.5m e-TeX tools for LaTeX (JAW)
\etb@tempcnta=\count285
))
(C:\Users\Wang Keting\AppData\Local\Programs\MiKTeX\tex/latex/xcolor\xcolor.sty
Package: xcolor 2024/09/29 v3.02 LaTeX color extensions (UK)

(C:\Users\Wang Keting\AppData\Local\Programs\MiKTeX\tex/latex/graphics-cfg\colo
r.cfg
File: color.cfg 2016/01/02 v1.6 sample color configuration
)
Package xcolor Info: Driver file: pdftex.def on input line 274.

(C:\Users\Wang Keting\AppData\Local\Programs\MiKTeX\tex/latex/graphics-def\pdft
ex.def
File: pdftex.def 2025/09/29 v1.2d Graphics/color driver for pdftex
)
(C:\Users\Wang Keting\AppData\Local\Programs\MiKTeX\tex/latex/graphics\mathcolo
r.ltx)
Package xcolor Info: Model `cmy' substituted by `cmy0' on input line 1349.
Package xcolor Info: Model `hsb' substituted by `rgb' on input line 1353.
Package xcolor Info: Model `RGB' extended on input line 1365.
Package xcolor Info: Model `HTML' substituted by `rgb' on input line 1367.
Package xcolor Info: Model `Hsb' substituted by `hsb' on input line 1368.
Package xcolor Info: Model `tHsb' substituted by `hsb' on input line 1369.
Package xcolor Info: Model `HSB' substituted by `hsb' on input line 1370.
Package xcolor Info: Model `Gray' substituted by `gray' on input line 1371.
Package xcolor Info: Model `wave' substituted by `hsb' on input line 1372.
)
(C:\Users\Wang Keting\AppData\Local\Programs\MiKTeX\tex/latex/xkeyval\xkeyval.s
ty
Package: xkeyval 2022/06/16 v2.9 package option processing (HA)

(C:\Users\Wang Keting\AppData\Local\Programs\MiKTeX\tex/generic/xkeyval\xkeyval
.tex
(C:\Users\Wang Keting\AppData\Local\Programs\MiKTeX\tex/generic/xkeyval\xkvutil
s.tex
\XKV@toks=\toks17
\XKV@tempa@toks=\toks18

(C:\Users\Wang Keting\AppData\Local\Programs\MiKTeX\tex/generic/xkeyval\keyval.
tex))
\XKV@depth=\count286
File: xkeyval.tex 2014/12/03 v2.7a key=value parser (HA)
))
(C:\Users\Wang Keting\AppData\Local\Programs\MiKTeX\tex/latex/base\textcomp.sty
Package: textcomp 2024/04/24 v2.1b Standard LaTeX package
)
(C:\Users\Wang Keting\AppData\Local\Programs\MiKTeX\tex/latex/xstring\xstring.s
ty
(C:\Users\Wang Keting\AppData\Local\Programs\MiKTeX\tex/generic/xstring\xstring
.tex
\xs_counta=\count287
\xs_countb=\count288
)
Package: xstring 2023/08/22 v1.86 String manipulations (CT)
)
(C:\Users\Wang Keting\AppData\Local\Programs\MiKTeX\tex/latex/base\ifthen.sty
Package: ifthen 2024/03/16 v1.1e Standard LaTeX ifthen package (DPC)
)
(C:\Users\Wang Keting\AppData\Local\Programs\MiKTeX\tex/latex/carlisle\scalefnt
.sty)
LaTeX Font Info:    Setting ntxLF sub-encoding to TS1/0 on input line 24.
LaTeX Font Info:    Setting ntxTLF sub-encoding to TS1/0 on input line 24.
LaTeX Font Info:    Setting ntxOsF sub-encoding to TS1/0 on input line 24.
LaTeX Font Info:    Setting ntxTOsF sub-encoding to TS1/0 on input line 24.

(C:\Users\Wang Keting\AppData\Local\Programs\MiKTeX\tex/generic/binhex\binhex.t
ex)
\ntx@tmpcnta=\count289
\ntx@cnt=\count290

(C:\Users\Wang Keting\AppData\Local\Programs\MiKTeX\tex/latex/fontaxes\fontaxes
.sty
Package: fontaxes 2026-01-02 v2.0.2 Font selection axes (deprecated)
Applying: [2024-11-01] Use figureversions if present on input line 74.

(C:\Users\Wang Keting\AppData\Local\Programs\MiKTeX\tex/latex/figureversions\fi
gureversions.sty
Package: figureversions 2025-04-29 v1.0.1 Figure versions
)
Already applied: [0000-00-00] Fall back to v1 on input line 76.
)
\tx@sixem=\dimen151
\tx@y=\dimen152
\tx@x=\dimen153
\tx@tmpdima=\dimen154
\tx@tmpdimb=\dimen155
\tx@tmpdimc=\dimen156
\tx@tmpdimd=\dimen157
\tx@tmpdime=\dimen158
\tx@tmpdimf=\dimen159
\tx@dimA=\dimen160
\tx@dimAA=\dimen161
\tx@dimB=\dimen162
\tx@dimBB=\dimen163
\tx@dimC=\dimen164
LaTeX Info: Redefining \oldstylenums on input line 902.
)
(C:\Users\Wang Keting\AppData\Local\Programs\MiKTeX\tex/latex/psnfss\helvet.sty
Package: helvet 2020/03/25 PSNFSS-v9.3 (WaS) 
)
(C:\Users\Wang Keting\AppData\Local\Programs\MiKTeX\tex/latex/psnfss\courier.st
y
Package: courier 2020/03/25 PSNFSS-v9.3 (WaS) 
)
(C:\Users\Wang Keting\AppData\Local\Programs\MiKTeX\tex/latex/placeins\placeins
.sty
Package: placeins 2005/04/18  v 2.2
)
\titlebox=\skip51
\aaai@thanksins=\insert252
\aaai@copyrightins=\insert251
)
(C:\Users\Wang Keting\AppData\Local\Programs\MiKTeX\tex/latex/url\url.sty
\Urlmuskip=\muskip17
Package: url 2013/09/16  ver 3.4  Verb mode for urls, etc.
)
(C:\Users\Wang Keting\AppData\Local\Programs\MiKTeX\tex/latex/graphics\graphicx
.sty
Package: graphicx 2026-05-17 v1.2e Enhanced LaTeX Graphics (DPC,SPQR)

(C:\Users\Wang Keting\AppData\Local\Programs\MiKTeX\tex/latex/graphics\graphics
.sty
Package: graphics 2026-05-17 v1.4h Standard LaTeX Graphics (DPC,SPQR)

(C:\Users\Wang Keting\AppData\Local\Programs\MiKTeX\tex/latex/graphics\trig.sty
Package: trig 2023/12/02 v1.11 sin cos tan (DPC)
)
(C:\Users\Wang Keting\AppData\Local\Programs\MiKTeX\tex/latex/graphics-cfg\grap
hics.cfg
File: graphics.cfg 2016/06/04 v1.11 sample graphics configuration
)
Package graphics Info: Driver file: pdftex.def on input line 106.
)
\Gin@req@height=\dimen165
\Gin@req@width=\dimen166
)
(C:\Users\Wang Keting\AppData\Local\Programs\MiKTeX\tex/latex/natbib\natbib.sty
Package: natbib 2010/09/13 8.31b (PWD, AO)
\bibhang=\skip52
\bibsep=\skip53
LaTeX Info: Redefining \cite on input line 694.
\c@NAT@ctr=\count291
)
(C:\Users\Wang Keting\AppData\Local\Programs\MiKTeX\tex/latex/caption\caption.s
ty
Package: caption 2023/08/05 v3.6o Customizing captions (AR)

(C:\Users\Wang Keting\AppData\Local\Programs\MiKTeX\tex/latex/caption\caption3.
sty
Package: caption3 2023/07/31 v2.4d caption3 kernel (AR)
\caption@tempdima=\dimen167
\captionmargin=\dimen168
\caption@leftmargin=\dimen169
\caption@rightmargin=\dimen170
\caption@width=\dimen171
\caption@indent=\dimen172
\caption@parindent=\dimen173
\caption@hangindent=\dimen174
Package caption Info: Standard document class detected.
)
\c@caption@flags=\count292
\c@continuedfloat=\count293
)
(C:\Users\Wang Keting\AppData\Local\Programs\MiKTeX\tex/latex/booktabs\booktabs
.sty
Package: booktabs 2020/01/12 v1.61803398 Publication quality tables
\heavyrulewidth=\dimen175
\lightrulewidth=\dimen176
\cmidrulewidth=\dimen177
\belowrulesep=\dimen178
\belowbottomsep=\dimen179
\aboverulesep=\dimen180
\abovetopsep=\dimen181
\cmidrulesep=\dimen182
\cmidrulekern=\dimen183
\defaultaddspace=\dimen184
\@cmidla=\count294
\@cmidlb=\count295
\@aboverulesep=\dimen185
\@belowrulesep=\dimen186
\@thisruleclass=\count296
\@lastruleclass=\count297
\@thisrulewidth=\dimen187
)
(C:\Users\Wang Keting\AppData\Local\Programs\MiKTeX\tex/latex/amsmath\amsmath.s
ty
Package: amsmath 2026/05/19 v2.18d AMS math features
\@mathmargin=\skip54

For additional information on amsmath, use the `?' option.

(C:\Users\Wang Keting\AppData\Local\Programs\MiKTeX\tex/latex/amsmath\amstext.s
ty
Package: amstext 2024/11/17 v2.01 AMS text

(C:\Users\Wang Keting\AppData\Local\Programs\MiKTeX\tex/latex/amsmath\amsgen.st
y
File: amsgen.sty 1999/11/30 v2.0 generic functions
\@emptytoks=\toks19
\ex@=\dimen188
))
(C:\Users\Wang Keting\AppData\Local\Programs\MiKTeX\tex/latex/amsmath\amsbsy.st
y
Package: amsbsy 1999/11/29 v1.2d Bold Symbols
\pmbraise@=\dimen189
)
(C:\Users\Wang Keting\AppData\Local\Programs\MiKTeX\tex/latex/amsmath\amsopn.st
y
Package: amsopn 2022/04/08 v2.04 operator names
)
\inf@bad=\count298
LaTeX Info: Redefining \frac on input line 233.
\uproot@=\count299
\leftroot@=\count300
LaTeX Info: Redefining \overline on input line 398.
LaTeX Info: Redefining \colon on input line 409.
\classnum@=\count301
\DOTSCASE@=\count302
LaTeX Info: Redefining \ldots on input line 495.
LaTeX Info: Redefining \dots on input line 498.
LaTeX Info: Redefining \cdots on input line 619.
\Mathstrutbox@=\box53
\strutbox@=\box54
LaTeX Info: Redefining \big on input line 721.
LaTeX Info: Redefining \Big on input line 722.
LaTeX Info: Redefining \bigg on input line 723.
LaTeX Info: Redefining \Bigg on input line 724.
\big@size=\dimen190
LaTeX Font Info:    Redeclaring font encoding OML on input line 742.
LaTeX Font Info:    Redeclaring font encoding OMS on input line 743.
\macc@depth=\count303
LaTeX Info: Redefining \bmod on input line 904.
LaTeX Info: Redefining \pmod on input line 909.
LaTeX Info: Redefining \smash on input line 939.
LaTeX Info: Redefining \relbar on input line 969.
LaTeX Info: Redefining \Relbar on input line 970.
\c@MaxMatrixCols=\count304
\dotsspace@=\muskip18
\c@parentequation=\count305
\dspbrk@lvl=\count306
\tag@help=\toks20
\row@=\count307
\column@=\count308
\maxfields@=\count309
\andhelp@=\toks21
\eqnshift@=\dimen191
\alignsep@=\dimen192
\tagshift@=\dimen193
\tagwidth@=\dimen194
\totwidth@=\dimen195
\lineht@=\dimen196
\@envbody=\toks22
\multlinegap=\skip55
\multlinetaggap=\skip56
\mathdisplay@stack=\toks23
LaTeX Info: Redefining \[ on input line 2965.
LaTeX Info: Redefining \] on input line 2966.
)
(C:\Users\Wang Keting\AppData\Local\Programs\MiKTeX\tex/latex/amsfonts\amssymb.
sty
Package: amssymb 2013/01/14 v3.01 AMS font symbols

(C:\Users\Wang Keting\AppData\Local\Programs\MiKTeX\tex/latex/amsfonts\amsfonts
.sty
Package: amsfonts 2013/01/14 v3.01 Basic AMSFonts support
\symAMSa=\mathgroup4
\symAMSb=\mathgroup5
LaTeX Font Info:    Redeclaring math symbol \hbar on input line 98.
LaTeX Font Info:    Overwriting math alphabet `\mathfrak' in version `bold'
(Font)                  U/euf/m/n --> U/euf/b/n on input line 106.
))
(C:\Users\Wang Keting\AppData\Local\Programs\MiKTeX\tex/latex/algorithms\algori
thm.sty
Package: algorithm 2009/08/24 v0.1 Document Style `algorithm' - floating enviro
nment

(C:\Users\Wang Keting\AppData\Local\Programs\MiKTeX\tex/latex/float\float.sty
Package: float 2001/11/08 v1.3d Float enhancements (AL)
\c@float@type=\count310
\float@exts=\toks24
\float@box=\box55
\@float@everytoks=\toks25
\@floatcapt=\box56
)
\@float@every@algorithm=\toks26
\c@algorithm=\count311
)
(C:\Users\Wang Keting\AppData\Local\Programs\MiKTeX\tex/latex/algorithms\algori
thmic.sty
Package: algorithmic 2009/08/24 v0.1 Document Style `algorithmic'
\c@ALC@unique=\count312
\c@ALC@line=\count313
\c@ALC@rem=\count314
\c@ALC@depth=\count315
\ALC@tlm=\skip57
\algorithmicindent=\skip58
)
\c@definition=\count316
\c@observation=\count317
\c@conjecture=\count318
 (math_commands.tex)
LaTeX Font Info:    Trying to load font information for T1+ntxtlf on input line
 34.

(C:\Users\Wang Keting\AppData\Local\Programs\MiKTeX\tex/latex/newtx\t1ntxtlf.fd
File: t1ntxtlf.fd 2021/05/24 v1.1 font definition file for T1/ntx/tlf
)
LaTeX Font Info:    Font shape `T1/ntxtlf/m/n' will be
(Font)              scaled to size 10.0pt on input line 34.
 (E:\Project\MERIT-AAAI\paper\build\main.aux)
\openout1 = `main.aux'.

LaTeX Font Info:    Checking defaults for OML/cmm/m/it on input line 34.
LaTeX Font Info:    ... okay on input line 34.
LaTeX Font Info:    Checking defaults for OMS/cmsy/m/n on input line 34.
LaTeX Font Info:    ... okay on input line 34.
LaTeX Font Info:    Checking defaults for OT1/cmr/m/n on input line 34.
LaTeX Font Info:    ... okay on input line 34.
LaTeX Font Info:    Checking defaults for T1/cmr/m/n on input line 34.
LaTeX Font Info:    ... okay on input line 34.
LaTeX Font Info:    Checking defaults for TS1/cmr/m/n on input line 34.
LaTeX Font Info:    ... okay on input line 34.
LaTeX Font Info:    Checking defaults for OMX/cmex/m/n on input line 34.
LaTeX Font Info:    ... okay on input line 34.
LaTeX Font Info:    Checking defaults for U/cmr/m/n on input line 34.
LaTeX Font Info:    ... okay on input line 34.

(C:\Users\Wang Keting\AppData\Local\Programs\MiKTeX\tex/context/base/mkii\supp-
pdf.mkii
[Loading MPS to PDF converter (version 2006.09.02).]
\scratchcounter=\count319
\scratchdimen=\dimen197
\scratchbox=\box57
\nofMPsegments=\count320
\nofMParguments=\count321
\everyMPshowfont=\toks27
\MPscratchCnt=\count322
\MPscratchDim=\dimen198
\MPnumerator=\count323
\makeMPintoPDFobject=\count324
\everyMPtoPDFconversion=\toks28
)
(C:\Users\Wang Keting\AppData\Local\Programs\MiKTeX\tex/latex/epstopdf-pkg\epst
opdf-base.sty
Package: epstopdf-base 2020-01-24 v2.11 Base part for package epstopdf
Package epstopdf-base Info: Redefining graphics rule for `.eps' on input line 4
85.

(C:\Users\Wang Keting\AppData\Local\Programs\MiKTeX\tex/latex/00miktex\epstopdf
-sys.cfg
File: epstopdf-sys.cfg 2021/03/18 v2.0 Configuration of epstopdf for MiKTeX
))
\c@mv@tabular=\count325
\c@mv@boldtabular=\count326
Package caption Info: Begin \AtBeginDocument code.
Package caption Info: float package is loaded.
Package caption Info: End \AtBeginDocument code.
\c@aaai@eqfn=\count327
\c@aaai@corrfn=\count328
\titlearea=\box58
LaTeX Font Info:    Font shape `T1/ntxtlf/m/n' will be
(Font)              scaled to size 14.4pt on input line 35.
LaTeX Font Info:    Font shape `T1/ntxtlf/b/n' will be
(Font)              scaled to size 14.4pt on input line 35.
LaTeX Font Info:    Font shape `T1/ntxtlf/m/n' will be
(Font)              scaled to size 12.0pt on input line 35.
LaTeX Font Info:    Font shape `T1/ntxtlf/b/n' will be
(Font)              scaled to size 12.0pt on input line 35.
\actualheight=\skip59
LaTeX Font Info:    Font shape `T1/ntxtlf/m/n' will be
(Font)              scaled to size 9.0pt on input line 35.
 (sections/00_abstract.tex
LaTeX Font Info:    Font shape `T1/ntxtlf/b/n' will be
(Font)              scaled to size 10.0pt on input line 1.
LaTeX Font Info:    Font shape `T1/ntxtlf/m/it' will be
(Font)              scaled to size 9.0pt on input line 5.
LaTeX Font Info:    Font shape `T1/ntxtlf/m/sc' will be
(Font)              scaled to size 9.0pt on input line 14.
LaTeX Font Info:    Trying to load font information for U+msa on input line 19.


(C:\Users\Wang Keting\AppData\Local\Programs\MiKTeX\tex/latex/amsfonts\umsa.fd
File: umsa.fd 2013/01/14 v3.01 AMS symbols A
)
LaTeX Font Info:    Trying to load font information for U+msb on input line 19.

(C:\Users\Wang Keting\AppData\Local\Programs\MiKTeX\tex/latex/amsfonts\umsb.fd
File: umsb.fd 2013/01/14 v3.01 AMS symbols B
)) (sections/01_introduction.tex
LaTeX Font Info:    Font shape `T1/ntxtlf/m/it' will be
(Font)              scaled to size 10.0pt on input line 6.

Underfull \hbox (badness 1024) in paragraph at lines 16--31
 \T1/ntxtlf/b/n/10 Re-trieval is not con-tri-bu-tion. \T1/ntxtlf/m/n/10 A mem-o
ry's \T1/ntxtlf/m/it/10 im-me-di-
 []


Underfull \hbox (badness 1546) in paragraph at lines 16--31
\T1/ntxtlf/m/it/10 ate con-di-tional re-trieval con-tri-bu-tion \T1/ntxtlf/m/n/
10 is de-fined only
 []

LaTeX Font Info:    Font shape `T1/ntxtlf/m/sc' will be
(Font)              scaled to size 10.0pt on input line 50.

Underfull \vbox (badness 1502) has occurred while \output is active []

 [1{C:/Users/Wang Keting/AppData/Local/MiKTeX/fonts/map/pdftex/pdftex.map}{C:/U
sers/Wang Keting/AppData/Local/Programs/MiKTeX/fonts/enc/dvips/newtx/ntx-ec-tlf
.enc}



{C:/Users/Wang Keting/AppData/Local/Programs/MiKTeX/fonts/enc/dvips/newtx/ntx-e
c-tlf-pc.enc}]
LaTeX Font Info:    Trying to load font information for TS1+ntxtlf on input lin
e 69.

(C:\Users\Wang Keting\AppData\Local\Programs\MiKTeX\tex/latex/newtx\ts1ntxtlf.f
d
File: ts1ntxtlf.fd 2015/01/18 v1.0 fd file for TS1/ntxtlf
)
LaTeX Font Info:    Font shape `TS1/ntxtlf/m/n' will be
(Font)              scaled to size 10.0pt on input line 69.
 (figures/placeholders/fig1_problem_solution.tex
LaTeX Font Info:    Font shape `T1/ntxtlf/b/n' will be
(Font)              scaled to size 9.0pt on input line 8.
))
(sections/02_related_work.tex
Underfull \hbox (badness 2762) in paragraph at lines 20--34
\T1/ntxtlf/m/n/10 Monte-Carlo sig-nals: reward-driven man-agers \T1/ntxtlf/m/it
/10 [TBD]\T1/ntxtlf/m/n/10 ,
 []


Underfull \hbox (badness 1325) in paragraph at lines 20--34
\T1/ntxtlf/m/n/10 policy-optimized mem-ory agents \T1/ntxtlf/m/it/10 [TBD]\T1/n
txtlf/m/n/10 , value-learned
 []

) (sections/03_problem_formulation.tex
Underfull \hbox (badness 1540) in paragraph at lines 48--1
\T1/ntxtlf/m/n/10 ter-fer-ence in mixed-stream de-ploy-ment has been ob-
 []


Underfull \hbox (badness 1735) in paragraph at lines 48--1
\T1/ntxtlf/m/n/10 served \T1/ntxtlf/m/it/10 [TBD] [TBD]\T1/ntxtlf/m/n/10 , and 
test-time rea-son-ing meth-
 []

[2{C:/Users/Wang Keting/AppData/Local/Programs/MiKTeX/fonts/enc/dvips/tex-gyre/
q-ts1.enc}]
Underfull \hbox (badness 10000) in paragraph at lines 61--62
[]\T1/ntxtlf/m/it/10 The base-line
 []

LaTeX Font Info:    Font shape `T1/ntxtlf/m/it' will be
(Font)              scaled to size 7.0pt on input line 74.
LaTeX Font Info:    Font shape `T1/ntxtlf/m/it' will be
(Font)              scaled to size 5.0pt on input line 74.
[3]
LaTeX Font Info:    Font shape `T1/ntxtlf/m/n' will be
(Font)              scaled to size 7.0pt on input line 130.
LaTeX Font Info:    Font shape `T1/ntxtlf/m/n' will be
(Font)              scaled to size 5.0pt on input line 130.
) (sections/04_pilot_diagnostic.tex [4]
(figures/placeholders/fig2_diagnostic_baseline.tex)) (sections/05_method.tex
(figures/placeholders/fig3_method_architecture.tex)
LaTeX Font Info:    Font shape `T1/ntxtlf/m/n' will be
(Font)              scaled to size 10.95pt on input line 13.
LaTeX Font Info:    Font shape `T1/ntxtlf/b/n' will be
(Font)              scaled to size 10.95pt on input line 13.

Underfull \hbox (badness 8151) in paragraph at lines 14--27
\T1/ntxtlf/m/sc/10 Rit \T1/ntxtlf/m/n/10 con-tin-u-ously pro-duces in-ter-ven-t
ional outcome-
 []

[5]
Underfull \hbox (badness 1281) in paragraph at lines 132--133
[] []\T1/ntxtlf/m/n/10 governance$\OT1/cmr/m/n/10 (\OMS/cmsy/m/n/10 M\OT1/cmr/m
/n/10 )$\T1/ntxtlf/m/n/10 : evict / merge / quar-an-tine by
 []

) (sections/06_experiments_analysis.tex [6] (tables/table1_main_results.tex)
(figures/placeholders/fig4_streaming_efficiency.tex) [7]
(tables/table2_reward_swap.tex) (tables/table3_ablation.tex)
(tables/table4_hypotheses_map.tex
Underfull \hbox (badness 1281) in paragraph at lines 10--10
[]\T1/ntxtlf/m/n/9 SR@20% slope over $\OML/cmm/m/it/9 t$\T1/ntxtlf/m/n/9 ;
 []


Underfull \hbox (badness 10000) in paragraph at lines 10--10
[]\T1/ntxtlf/m/n/9 baseline
 []


Underfull \hbox (badness 10000) in paragraph at lines 10--10
[]\T1/ntxtlf/m/n/9 pilot au-dit
 []


Underfull \hbox (badness 2680) in paragraph at lines 10--10
[]\T1/ntxtlf/m/n/9 slope-CI ex-cludes $\OT1/cmr/m/n/9 0$ \T1/ntxtlf/m/n/9 up-wa
rd \T1/ntxtlf/m/it/9 and
 []


Underfull \hbox (badness 10000) in paragraph at lines 10--11
[]\T1/ntxtlf/m/n/9 narrow C1 to
 []


Underfull \hbox (badness 10000) in paragraph at lines 10--11
\T1/ntxtlf/m/n/9 het-ero-ge-neous
 []


Underfull \hbox (badness 10000) in paragraph at lines 11--11
\T1/ntxtlf/m/n/9 CCC; ACA$\OMS/cmsy/m/n/9 ^^@$\T1/ntxtlf/m/n/9 baseline
 []


Underfull \hbox (badness 10000) in paragraph at lines 11--11
[]\T1/ntxtlf/m/n/9 correlational
 []


Underfull \hbox (badness 5504) in paragraph at lines 11--11
[]\T1/ntxtlf/m/n/9 sealed final-
 []


Underfull \hbox (badness 10000) in paragraph at lines 12--12
[]\T1/ntxtlf/m/n/9 Full-vs-A4 SR@20%
 []


Underfull \hbox (badness 10000) in paragraph at lines 12--12
[]\T1/ntxtlf/m/n/9 mechanism
 []


Underfull \hbox (badness 10000) in paragraph at lines 12--13
[]\T1/ntxtlf/m/n/9 drop flat-ten-ing
 []


Underfull \hbox (badness 10000) in paragraph at lines 13--13
[]\T1/ntxtlf/m/n/9 A3 (no
 []


Underfull \hbox (badness 10000) in paragraph at lines 13--13
[]\T1/ntxtlf/m/n/9 A/B mixed-
 []


Underfull \hbox (badness 6608) in paragraph at lines 14--14
[]\T1/ntxtlf/m/n/9 original re-
 []


Underfull \hbox (badness 10000) in paragraph at lines 14--14
[]\T1/ntxtlf/m/n/9 reward-swap
 []


Underfull \hbox (badness 10000) in paragraph at lines 15--15
[]\T1/ntxtlf/m/n/9 max-
 []


Underfull \hbox (badness 10000) in paragraph at lines 15--15
\T1/ntxtlf/m/n/9 baseline
 []


Underfull \hbox (badness 10000) in paragraph at lines 15--15
[]\T1/ntxtlf/m/n/9 main runs,
 []


Underfull \hbox (badness 3907) in paragraph at lines 16--16
[]\T1/ntxtlf/m/n/9 zero-shot trans-fer CCC
 []


Underfull \hbox (badness 10000) in paragraph at lines 16--16
[]\T1/ntxtlf/m/n/9 in-domain
 []


Underfull \hbox (badness 10000) in paragraph at lines 17--17
[]\T1/ntxtlf/m/n/9 budget
 []


Underfull \hbox (badness 10000) in paragraph at lines 17--17
[]\T1/ntxtlf/m/n/9 efficiency
 []


Underfull \hbox (badness 10000) in paragraph at lines 18--18
[]\T1/ntxtlf/m/n/9 boundary
 []

)
Underfull \vbox (badness 6625) has occurred while \output is active []


(figures/placeholders/fig5_mechanism_recovery.tex) [8]
(tables/table5_method_positioning.tex) (tables/table6_efficiency.tex)
(figures/placeholders/fig6_case_study.tex))
(sections/07_limitations_conclusion.tex [9] [10])
Underfull \vbox (badness 10000) has occurred while \output is active []

 [11

]
(E:\Project\MERIT-AAAI\paper\build\main.aux)
 ***********
LaTeX2e <2026-06-01>
L3 programming layer <2020/03/25>
 ***********
 ) 
Here is how much of TeX's memory you used:
 7655 strings out of 467510
 128071 string characters out of 5405842
 568891 words of memory out of 5000000
 36692 multiletter control sequences out of 15000+600000
 693248 words of font info for 87 fonts, out of 8000000 for 9000
 1141 hyphenation exceptions out of 8191
 89i,12n,117p,530b,711s stack positions out of 10000i,1000n,20000p,200000b,200000s
<C:/Users/Wang Keting/AppData/Local/Programs/MiKTeX/fonts/type1/public/amsfon
ts/cm/cmbx10.pfb><C:/Users/Wang Keting/AppData/Local/Programs/MiKTeX/fonts/type
1/public/amsfonts/cm/cmex10.pfb><C:/Users/Wang Keting/AppData/Local/Programs/Mi
KTeX/fonts/type1/public/amsfonts/cmextra/cmex9.pfb><C:/Users/Wang Keting/AppDat
a/Local/Programs/MiKTeX/fonts/type1/public/amsfonts/cm/cmmi10.pfb><C:/Users/Wan
g Keting/AppData/Local/Programs/MiKTeX/fonts/type1/public/amsfonts/cm/cmmi7.pfb
><C:/Users/Wang Keting/AppData/Local/Programs/MiKTeX/fonts/type1/public/amsfont
s/cm/cmmi9.pfb><C:/Users/Wang Keting/AppData/Local/Programs/MiKTeX/fonts/type1/
public/amsfonts/cm/cmr10.pfb><C:/Users/Wang Keting/AppData/Local/Programs/MiKTe
X/fonts/type1/public/amsfonts/cm/cmr7.pfb><C:/Users/Wang Keting/AppData/Local/P
rograms/MiKTeX/fonts/type1/public/amsfonts/cm/cmr9.pfb><C:/Users/Wang Keting/Ap
pData/Local/Programs/MiKTeX/fonts/type1/public/amsfonts/cm/cmsy10.pfb><C:/Users
/Wang Keting/AppData/Local/Programs/MiKTeX/fonts/type1/public/amsfonts/cm/cmsy7
.pfb><C:/Users/Wang Keting/AppData/Local/Programs/MiKTeX/fonts/type1/public/ams
fonts/cm/cmsy9.pfb><C:/Users/Wang Keting/AppData/Local/Programs/MiKTeX/fonts/ty
pe1/public/amsfonts/symbols/msam10.pfb><C:/Users/Wang Keting/AppData/Local/Prog
rams/MiKTeX/fonts/type1/public/amsfonts/symbols/msbm10.pfb><C:/Users/Wang Ketin
g/AppData/Local/Programs/MiKTeX/fonts/type1/public/tex-gyre/qtmr.pfb><C:/Users/
Wang Keting/AppData/Local/Programs/MiKTeX/fonts/type1/public/newtx/ztmb.pfb><C:
/Users/Wang Keting/AppData/Local/Programs/MiKTeX/fonts/type1/public/newtx/ztmr.
pfb><C:/Users/Wang Keting/AppData/Local/Programs/MiKTeX/fonts/type1/public/newt
x/ztmri.pfb>
Output written on E:\Project\MERIT-AAAI\paper\build\main.pdf (11 pages, 330279 
bytes).
PDF statistics:
 134 PDF objects out of 1000 (max. 8388607)
 0 named destinations out of 1000 (max. 500000)
 1 words of extra memory for PDF output out of 10000 (max. 10000000)

